2025-09-04 17:36:57 INFO  commonClass.ConfigReader - Loaded config.properties from file system: config/config.properties
2025-09-04 17:36:57 INFO  commonClass.ConfigReader - Loaded strings.xml from classpath: strings/strings.xml
2025-09-04 17:37:14 INFO  Listeners.Listener - Configuration method passed: setUp
2025-09-04 17:37:14 INFO  Listeners.Listener - Configuration method passed: fnBeforeClass
2025-09-04 17:37:15 INFO  commonClass.BaseClass - Attempting login with username: vaazid.khan@effiasoft.com
2025-09-04 17:37:15 INFO  commonClass.BaseClass - Username field found and enabled
2025-09-04 17:37:17 INFO  commonClass.BaseClass - Entered username: vaazid.khan@effiasoft.com
2025-09-04 17:37:18 INFO  commonClass.BaseClass - Password field found and enabled
2025-09-04 17:37:19 INFO  commonClass.BaseClass - Entered password
2025-09-04 17:37:19 INFO  commonClass.BaseClass - Clicking Sign In button
2025-09-04 17:37:20 INFO  commonClass.BaseClass - Login method executed
2025-09-04 17:37:24 INFO  commonClass.BaseClass - Clicking Menu button
2025-09-04 17:37:27 INFO  commonClass.BaseClass - Clicked Menu button
2025-09-04 17:37:43 INFO  commonClass.BaseClass - Product Categories Opened Successfully
2025-09-04 17:37:43 INFO  Listeners.Listener - Configuration method passed: fbBeforeMethod
2025-09-04 17:37:46 INFO  commonClass.BaseClass - [[io.appium.java_client.windows.WindowsDriver, Capabilities: {appTopLevelWindow=002B0BD4, javascriptEnabled=true, platform=WINDOWS, platformName=Windows}] -> name: ALT + F] is clicked and value set to: Oil
2025-09-04 17:37:46 INFO  commonClass.BaseClass - Delete icon is clicked
2025-09-04 17:37:47 INFO  commonClass.BaseClass - OK button is displayed and clicked in UI
2025-09-04 17:37:48 INFO  Listeners.Listener - Test passed: fnVerifyDelete_Product_CategoryFeature_for_withoutInternet_Validation
2025-09-04 17:37:53 INFO  commonClass.BaseClass - Back button is clicked
2025-09-04 17:37:56 INFO  commonClass.BaseClass - Clicking Menu button
2025-09-04 17:37:58 INFO  commonClass.BaseClass - Clicked Menu button
2025-09-04 17:37:59 INFO  commonClass.BaseClass - Clicking Logout button
2025-09-04 17:38:00 INFO  commonClass.BaseClass - Clicked Logout button
2025-09-04 17:38:07 INFO  commonClass.BaseClass - Confirming logout
2025-09-04 17:38:11 INFO  commonClass.BaseClass - Logout Confirmed
2025-09-04 17:38:11 INFO  commonClass.BaseClass - Application Close Successfully
2025-09-04 17:38:11 INFO  Listeners.Listener - Configuration method passed: fnAfterMethod
2025-09-04 17:38:11 INFO  Listeners.Listener - Configuration method passed: tearDown
